{"level":"error","message":"Error: TypeError: Cannot read property 'productsService' of undefined","timestamp":"2022-01-06 17:00:56"}
{"level":"error","message":"Error: TypeError: Cannot read property 'productsService' of undefined","timestamp":"2022-01-06 17:17:57"}
{"level":"error","message":"Error: TypeError: Cannot read property 'productsService' of undefined","timestamp":"2022-01-06 17:19:00"}
{"level":"error","message":"Error: TypeError: Cannot read property 'productsService' of undefined","timestamp":"2022-01-08 10:04:59"}
{"level":"error","message":"Error: TypeError: Cannot read property 'productsService' of undefined","timestamp":"2022-01-08 10:08:29"}
{"level":"error","message":"Error: TypeError: Cannot read property 'productsService' of undefined","timestamp":"2022-01-08 10:09:35"}
{"level":"error","message":"Error: TypeError: Cannot read property 'productsService' of undefined","timestamp":"2022-01-08 10:11:29"}
{"level":"error","message":"Error: TypeError: Cannot read property 'productsService' of undefined","timestamp":"2022-01-08 10:11:38"}
{"level":"error","message":"Error: TypeError: Cannot read property 'productsService' of undefined","timestamp":"2022-01-08 10:14:54"}
{"level":"error","message":"Error: TypeError: Cannot read property 'productsService' of undefined","timestamp":"2022-01-08 10:16:08"}
{"level":"error","message":"Error: TypeError: Cannot read property 'productsService' of undefined","timestamp":"2022-01-08 10:17:47"}
{"level":"error","message":"Error: TypeError: Cannot read property 'productsService' of undefined","timestamp":"2022-01-08 10:32:57"}
{"level":"error","message":"Error: TypeError: Cannot read property 'productsService' of undefined","timestamp":"2022-01-08 10:37:10"}
{"level":"error","message":"Error: TypeError: Cannot read property 'productsService' of undefined","timestamp":"2022-01-08 11:41:23"}
{"level":"error","message":"Error: TypeError: Cannot read property 'productsService' of undefined","timestamp":"2022-01-08 11:49:55"}
{"level":"error","message":"Error: TypeError: Cannot read property 'productsService' of undefined","timestamp":"2022-01-08 11:49:56"}
{"level":"error","message":"Error: TypeError: Cannot read property 'productsService' of undefined","timestamp":"2022-01-08 11:49:57"}
{"level":"error","message":"Error: TypeError: Cannot read property 'productsService' of undefined","timestamp":"2022-01-08 12:08:08"}
{"level":"error","message":"Error: TypeError: Cannot read property 'productsService' of undefined","timestamp":"2022-01-08 12:08:08"}
{"level":"error","message":"Error: TypeError: Cannot read property 'productsService' of undefined","timestamp":"2022-01-08 12:08:09"}
{"level":"error","message":"Error: TypeError: Cannot read property 'productsService' of undefined","timestamp":"2022-01-08 12:10:13"}
{"level":"error","message":"Error: TypeError: Cannot read property 'productsService' of undefined","timestamp":"2022-01-08 12:10:14"}
{"level":"error","message":"Error: TypeError: Cannot read property 'productsService' of undefined","timestamp":"2022-01-08 12:10:21"}
{"level":"error","message":"Error: TypeError: Cannot read property 'productsService' of undefined","timestamp":"2022-01-08 12:11:32"}
{"level":"error","message":"Error: TypeError: Cannot read property 'productsService' of undefined","timestamp":"2022-01-08 12:11:33"}
{"level":"error","message":"Error: TypeError: Cannot read property 'productsService' of undefined","timestamp":"2022-01-08 12:13:09"}
{"level":"error","message":"Error: TypeError: Cannot read property 'productsService' of undefined","timestamp":"2022-01-08 12:46:40"}
{"level":"error","message":"Error: TypeError: Cannot read property 'productsService' of undefined","timestamp":"2022-01-08 12:46:41"}
{"level":"error","message":"Error: TypeError: Cannot read property 'productsService' of undefined","timestamp":"2022-01-08 12:46:45"}
{"level":"error","message":"Error: TypeError: Cannot read property 'productsService' of undefined","timestamp":"2022-01-08 12:46:54"}
{"level":"error","message":"Error: TypeError: Cannot read property 'productsService' of undefined","timestamp":"2022-01-08 12:47:58"}
{"level":"error","message":"Error: TypeError: Cannot read property 'productsService' of undefined","timestamp":"2022-01-08 13:29:27"}
{"level":"error","message":"Error: TypeError: Cannot read property 'productsService' of undefined","timestamp":"2022-01-08 13:53:29"}
{"level":"error","message":"Error: TypeError: Cannot read property 'productsService' of undefined","timestamp":"2022-01-08 13:54:55"}
{"level":"error","message":"Error: TypeError: Cannot read property 'productsService' of undefined","timestamp":"2022-01-08 13:55:14"}
{"level":"error","message":"Error: TypeError: Cannot read property 'productsService' of undefined","timestamp":"2022-01-08 15:11:12"}
{"level":"error","message":"Error: TypeError: Cannot read property 'productsService' of undefined","timestamp":"2022-01-08 15:13:31"}
{"level":"error","message":"Error: TypeError: Cannot read property 'productsService' of undefined","timestamp":"2022-01-08 15:13:32"}
{"level":"error","message":"Error: TypeError: Cannot read property 'productsService' of undefined","timestamp":"2022-01-08 15:13:33"}
{"level":"error","message":"Error: TypeError: Cannot read property 'productsService' of undefined","timestamp":"2022-01-08 15:13:35"}
{"level":"error","message":"Error: TypeError: Cannot read property 'productsService' of undefined","timestamp":"2022-01-08 15:18:15"}
{"level":"error","message":"Error: TypeError: Cannot read property 'productsService' of undefined","timestamp":"2022-01-08 15:32:24"}
{"level":"error","message":"Error: TypeError: Cannot read property 'productsService' of undefined","timestamp":"2022-01-08 15:32:31"}
{"level":"error","message":"Cannot read property 'cartService' of undefined","stack":"TypeError: Cannot read property 'cartService' of undefined\n    at addShoppingCartByUserId (C:\\Users\\jesus\\Documents\\coderhouse\\e-commerce-pf\\src\\controllers\\modules\\cartController.js:26:46)\n    at Layer.handle [as handle_request] (C:\\Users\\jesus\\Documents\\coderhouse\\e-commerce-pf\\node_modules\\express\\lib\\router\\layer.js:95:5)\n    at next (C:\\Users\\jesus\\Documents\\coderhouse\\e-commerce-pf\\node_modules\\express\\lib\\router\\route.js:137:13)\n    at Route.dispatch (C:\\Users\\jesus\\Documents\\coderhouse\\e-commerce-pf\\node_modules\\express\\lib\\router\\route.js:112:3)\n    at Layer.handle [as handle_request] (C:\\Users\\jesus\\Documents\\coderhouse\\e-commerce-pf\\node_modules\\express\\lib\\router\\layer.js:95:5)\n    at C:\\Users\\jesus\\Documents\\coderhouse\\e-commerce-pf\\node_modules\\express\\lib\\router\\index.js:281:22\n    at Function.process_params (C:\\Users\\jesus\\Documents\\coderhouse\\e-commerce-pf\\node_modules\\express\\lib\\router\\index.js:335:12)\n    at next (C:\\Users\\jesus\\Documents\\coderhouse\\e-commerce-pf\\node_modules\\express\\lib\\router\\index.js:275:10)\n    at Function.handle (C:\\Users\\jesus\\Documents\\coderhouse\\e-commerce-pf\\node_modules\\express\\lib\\router\\index.js:174:3)\n    at router (C:\\Users\\jesus\\Documents\\coderhouse\\e-commerce-pf\\node_modules\\express\\lib\\router\\index.js:47:12)","timestamp":"2022-01-08 21:16:23"}
{"level":"error","message":"Cannot read property 'user' of undefined","stack":"TypeError: Cannot read property 'user' of undefined\n    at module.exports.updateorCreateShoppingCartByUserId (C:\\Users\\jesus\\Documents\\coderhouse\\e-commerce-pf\\src\\controllers\\modules\\cartController.js:38:27)\n    at C:\\Users\\jesus\\Documents\\coderhouse\\e-commerce-pf\\src\\routes\\modules\\cart.js:7:36\n    at Layer.handle [as handle_request] (C:\\Users\\jesus\\Documents\\coderhouse\\e-commerce-pf\\node_modules\\express\\lib\\router\\layer.js:95:5)\n    at next (C:\\Users\\jesus\\Documents\\coderhouse\\e-commerce-pf\\node_modules\\express\\lib\\router\\route.js:137:13)\n    at Route.dispatch (C:\\Users\\jesus\\Documents\\coderhouse\\e-commerce-pf\\node_modules\\express\\lib\\router\\route.js:112:3)\n    at Layer.handle [as handle_request] (C:\\Users\\jesus\\Documents\\coderhouse\\e-commerce-pf\\node_modules\\express\\lib\\router\\layer.js:95:5)\n    at C:\\Users\\jesus\\Documents\\coderhouse\\e-commerce-pf\\node_modules\\express\\lib\\router\\index.js:281:22\n    at Function.process_params (C:\\Users\\jesus\\Documents\\coderhouse\\e-commerce-pf\\node_modules\\express\\lib\\router\\index.js:335:12)\n    at next (C:\\Users\\jesus\\Documents\\coderhouse\\e-commerce-pf\\node_modules\\express\\lib\\router\\index.js:275:10)\n    at Function.handle (C:\\Users\\jesus\\Documents\\coderhouse\\e-commerce-pf\\node_modules\\express\\lib\\router\\index.js:174:3)","timestamp":"2022-01-09 10:33:37"}
{"level":"error","message":"Error: ReferenceError: productsController is not defined","timestamp":"2022-01-09 17:10:44"}
{"level":"error","message":"Error: ReferenceError: productsController is not defined","timestamp":"2022-01-09 17:13:38"}
{"level":"error","message":"userInfo is not defined","stack":"ReferenceError: userInfo is not defined\n    at module.exports.getCartByUserId (C:\\Users\\jesus\\Documents\\coderhouse\\e-commerce-pf\\src\\controllers\\modules\\viewController.js:58:11)\n    at processTicksAndRejections (internal/process/task_queues.js:93:5)","timestamp":"2022-01-09 17:14:55"}
{"level":"error","message":"cartUpdated.populate is not a function","stack":"TypeError: cartUpdated.populate is not a function\n    at module.exports.updateCart (C:\\Users\\jesus\\Documents\\coderhouse\\e-commerce-pf\\src\\dal\\mongoDB\\dao\\modules\\cartDao.js:39:25)\n    at processTicksAndRejections (internal/process/task_queues.js:93:5)\n    at async module.exports.updateCart (C:\\Users\\jesus\\Documents\\coderhouse\\e-commerce-pf\\src\\services\\modules\\cartService.js:27:27)\n    at async module.exports.updateorCreateShoppingCartByUserId (C:\\Users\\jesus\\Documents\\coderhouse\\e-commerce-pf\\src\\controllers\\modules\\cartController.js:41:35)","timestamp":"2022-01-09 17:41:43"}
{"level":"error","message":"Cannot read property 'reduce' of undefined","stack":"TypeError: Cannot read property 'reduce' of undefined\n    at exports.orderTotal (C:\\Users\\jesus\\Documents\\coderhouse\\e-commerce-pf\\src\\utils\\orderTotal.js:5:37)\n    at module.exports.getCartByUserId (C:\\Users\\jesus\\Documents\\coderhouse\\e-commerce-pf\\src\\controllers\\modules\\viewController.js:58:21)\n    at processTicksAndRejections (internal/process/task_queues.js:93:5)","timestamp":"2022-01-09 18:09:33"}
{"level":"error","message":"Cannot read property 'reduce' of undefined","stack":"TypeError: Cannot read property 'reduce' of undefined\n    at exports.orderTotal (C:\\Users\\jesus\\Documents\\coderhouse\\e-commerce-pf\\src\\utils\\orderTotal.js:5:37)\n    at module.exports.getCartByUserId (C:\\Users\\jesus\\Documents\\coderhouse\\e-commerce-pf\\src\\controllers\\modules\\viewController.js:58:21)\n    at processTicksAndRejections (internal/process/task_queues.js:93:5)","timestamp":"2022-01-09 18:10:28"}
{"level":"error","message":"Cannot read property 'reduce' of undefined","stack":"TypeError: Cannot read property 'reduce' of undefined\n    at exports.orderTotal (C:\\Users\\jesus\\Documents\\coderhouse\\e-commerce-pf\\src\\utils\\orderTotal.js:5:37)\n    at module.exports.getCartByUserId (C:\\Users\\jesus\\Documents\\coderhouse\\e-commerce-pf\\src\\controllers\\modules\\viewController.js:59:21)\n    at processTicksAndRejections (internal/process/task_queues.js:93:5)","timestamp":"2022-01-09 18:11:41"}
{"level":"error","message":"Cannot read property 'reduce' of undefined","stack":"TypeError: Cannot read property 'reduce' of undefined\n    at exports.orderTotal (C:\\Users\\jesus\\Documents\\coderhouse\\e-commerce-pf\\src\\utils\\orderTotal.js:5:37)\n    at module.exports.getCartByUserId (C:\\Users\\jesus\\Documents\\coderhouse\\e-commerce-pf\\src\\controllers\\modules\\viewController.js:59:21)\n    at processTicksAndRejections (internal/process/task_queues.js:93:5)","timestamp":"2022-01-09 18:13:25"}
{"level":"error","message":"Cannot read property 'reduce' of undefined","stack":"TypeError: Cannot read property 'reduce' of undefined\n    at exports.orderTotal (C:\\Users\\jesus\\Documents\\coderhouse\\e-commerce-pf\\src\\utils\\orderTotal.js:5:37)\n    at module.exports.getCartByUserId (C:\\Users\\jesus\\Documents\\coderhouse\\e-commerce-pf\\src\\controllers\\modules\\viewController.js:59:21)\n    at processTicksAndRejections (internal/process/task_queues.js:93:5)","timestamp":"2022-01-09 18:13:50"}
{"level":"error","message":"Cannot read property 'reduce' of undefined","stack":"TypeError: Cannot read property 'reduce' of undefined\n    at exports.orderTotal (C:\\Users\\jesus\\Documents\\coderhouse\\e-commerce-pf\\src\\utils\\orderTotal.js:5:37)\n    at module.exports.getCartByUserId (C:\\Users\\jesus\\Documents\\coderhouse\\e-commerce-pf\\src\\controllers\\modules\\viewController.js:59:21)\n    at processTicksAndRejections (internal/process/task_queues.js:93:5)","timestamp":"2022-01-09 18:15:46"}
{"level":"error","message":"model is not defined","stack":"ReferenceError: model is not defined\n    at module.exports.getNumOrders (C:\\Users\\jesus\\Documents\\coderhouse\\e-commerce-pf\\src\\dal\\mongoDB\\dao\\modules\\ordersDao.js:12:20)\n    at module.exports.createOrder (C:\\Users\\jesus\\Documents\\coderhouse\\e-commerce-pf\\src\\services\\modules\\ordersService.js:10:43)\n    at Object.createOrder (C:\\Users\\jesus\\Documents\\coderhouse\\e-commerce-pf\\src\\controllers\\modules\\ordersController.js:10:43)\n    at C:\\Users\\jesus\\Documents\\coderhouse\\e-commerce-pf\\src\\routes\\modules\\orders.js:5:22\n    at Layer.handle [as handle_request] (C:\\Users\\jesus\\Documents\\coderhouse\\e-commerce-pf\\node_modules\\express\\lib\\router\\layer.js:95:5)\n    at next (C:\\Users\\jesus\\Documents\\coderhouse\\e-commerce-pf\\node_modules\\express\\lib\\router\\route.js:137:13)\n    at Route.dispatch (C:\\Users\\jesus\\Documents\\coderhouse\\e-commerce-pf\\node_modules\\express\\lib\\router\\route.js:112:3)\n    at Layer.handle [as handle_request] (C:\\Users\\jesus\\Documents\\coderhouse\\e-commerce-pf\\node_modules\\express\\lib\\router\\layer.js:95:5)\n    at C:\\Users\\jesus\\Documents\\coderhouse\\e-commerce-pf\\node_modules\\express\\lib\\router\\index.js:281:22\n    at Function.process_params (C:\\Users\\jesus\\Documents\\coderhouse\\e-commerce-pf\\node_modules\\express\\lib\\router\\index.js:335:12)","timestamp":"2022-01-09 22:59:54"}
{"level":"error","message":"order is not defined","stack":"ReferenceError: order is not defined\n    at module.exports.createOrder (C:\\Users\\jesus\\Documents\\coderhouse\\e-commerce-pf\\src\\dal\\mongoDB\\dao\\modules\\ordersDao.js:7:46)\n    at module.exports.createOrder (C:\\Users\\jesus\\Documents\\coderhouse\\e-commerce-pf\\src\\services\\modules\\ordersService.js:12:45)\n    at runMicrotasks (<anonymous>)\n    at processTicksAndRejections (internal/process/task_queues.js:93:5)\n    at async Object.createOrder (C:\\Users\\jesus\\Documents\\coderhouse\\e-commerce-pf\\src\\controllers\\modules\\ordersController.js:10:24)","timestamp":"2022-01-09 23:01:21"}
{"level":"error","message":"Cannot read property 'reduce' of undefined","stack":"TypeError: Cannot read property 'reduce' of undefined\n    at exports.cartDTO (C:\\Users\\jesus\\Documents\\coderhouse\\e-commerce-pf\\src\\dal\\mongoDB\\dto\\cart.dto.js:5:37)\n    at module.exports.createOrder (C:\\Users\\jesus\\Documents\\coderhouse\\e-commerce-pf\\src\\dal\\mongoDB\\dao\\modules\\ordersDao.js:9:22)\n    at module.exports.createOrder (C:\\Users\\jesus\\Documents\\coderhouse\\e-commerce-pf\\src\\services\\modules\\ordersService.js:12:45)\n    at processTicksAndRejections (internal/process/task_queues.js:93:5)\n    at async Object.createOrder (C:\\Users\\jesus\\Documents\\coderhouse\\e-commerce-pf\\src\\controllers\\modules\\ordersController.js:10:24)","timestamp":"2022-01-09 23:08:58"}
